<?xml version="1.0" encoding="UTF-8"?>
<testsuite xmlns:xsi="http://www.w3.org/2001/XMLSchema-instance" xsi:noNamespaceSchemaLocation="https://maven.apache.org/surefire/maven-surefire-plugin/xsd/surefire-test-report.xsd" name="com.probert999.romannumerals.RomanNumeralsTest" time="0.174" tests="20" errors="0" skipped="0" failures="0">
  <properties>
[...]
</properties>
  <testcase name="shouldReturnOtherPreDefinedRomanNumerals{RomanNumeralsEnum}[1]" classname="com.probert999.romannumerals.RomanNumeralsTest" time="0.05"/>
  <testcase name="shouldReturnOtherPreDefinedRomanNumerals{RomanNumeralsEnum}[2]" classname="com.probert999.romannumerals.RomanNumeralsTest" time="0.001"/>
  <testcase name="shouldReturnOtherPreDefinedRomanNumerals{RomanNumeralsEnum}[3]" classname="com.probert999.romannumerals.RomanNumeralsTest" time="0.001"/>
  <testcase name="shouldReturnOtherPreDefinedRomanNumerals{RomanNumeralsEnum}[4]" classname="com.probert999.romannumerals.RomanNumeralsTest" time="0.001"/>
  <testcase name="shouldReturnOtherPreDefinedRomanNumerals{RomanNumeralsEnum}[5]" classname="com.probert999.romannumerals.RomanNumeralsTest" time="0"/>
  <testcase name="shouldReturnOtherPreDefinedRomanNumerals{RomanNumeralsEnum}[6]" classname="com.probert999.romannumerals.RomanNumeralsTest" time="0.001"/>
  <testcase name="shouldReturnCorrectNumeralDefinedInTestData{int, String}[1]" classname="com.probert999.romannumerals.RomanNumeralsTest" time="0.001"/>
  <testcase name="shouldReturnCorrectNumeralDefinedInTestData{int, String}[2]" classname="com.probert999.romannumerals.RomanNumeralsTest" time="0.001"/>
  <testcase name="shouldReturnCorrectNumeralDefinedInTestData{int, String}[3]" classname="com.probert999.romannumerals.RomanNumeralsTest" time="0.001"/>
  <testcase name="shouldReturnCorrectNumeralDefinedInTestData{int, String}[4]" classname="com.probert999.romannumerals.RomanNumeralsTest" time="0.001"/>
  <testcase name="shouldReturnCorrectNumeralDefinedInTestData{int, String}[5]" classname="com.probert999.romannumerals.RomanNumeralsTest" time="0.001"/>
  <testcase name="shouldReturnCorrectNumeralDefinedInTestData{int, String}[6]" classname="com.probert999.romannumerals.RomanNumeralsTest" time="0.001"/>
  <testcase name="shouldReturnSingleRomanNumerals{RomanNumeralsEnum}[1]" classname="com.probert999.romannumerals.RomanNumeralsTest" time="0.001"/>
  <testcase name="shouldReturnSingleRomanNumerals{RomanNumeralsEnum}[2]" classname="com.probert999.romannumerals.RomanNumeralsTest" time="0"/>
  <testcase name="shouldReturnSingleRomanNumerals{RomanNumeralsEnum}[3]" classname="com.probert999.romannumerals.RomanNumeralsTest" time="0"/>
  <testcase name="shouldReturnSingleRomanNumerals{RomanNumeralsEnum}[4]" classname="com.probert999.romannumerals.RomanNumeralsTest" time="0"/>
  <testcase name="shouldReturnSingleRomanNumerals{RomanNumeralsEnum}[5]" classname="com.probert999.romannumerals.RomanNumeralsTest" time="0.001"/>
  <testcase name="shouldReturnSingleRomanNumerals{RomanNumeralsEnum}[6]" classname="com.probert999.romannumerals.RomanNumeralsTest" time="0"/>
  <testcase name="shouldReturnSingleRomanNumerals{RomanNumeralsEnum}[7]" classname="com.probert999.romannumerals.RomanNumeralsTest" time="0.001"/>
  <testcase name="shouldReturnRomanNumeralIForDecimalOne" classname="com.probert999.romannumerals.RomanNumeralsTest" time="0.002"/>
</testsuite>